[13:02:49] [main/INFO] (FabricLoader/GameProvider) Loading Minecraft 1.20.1 with Fabric Loader 0.16.10
[13:02:49] [main/INFO] (FabricLoader) Loading 57 mods:
	- accessories 1.0.0-beta.47+1.20.1
	- bettercombat 1.8.5+1.20.1
	- cloth-basic-math 0.6.1
	- cloth-config 11.1.136
	- fabric-api 0.92.7+1.20.1
	- fabric-api-base 0.4.32+1802ada577
	- fabric-api-lookup-api-v1 1.6.37+1802ada577
	- fabric-biome-api-v1 13.0.15+93aa238b77
	- fabric-block-api-v1 1.0.12+1802ada577
	- fabric-block-view-api-v2 1.0.3+924f046a77
	- fabric-command-api-v1 1.2.35+f71b366f77
	- fabric-command-api-v2 2.2.14+1802ada577
	- fabric-commands-v0 0.2.52+df3654b377
	- fabric-containers-v0 0.1.67+df3654b377
	- fabric-content-registries-v0 4.0.13+1802ada577
	- fabric-convention-tags-v1 1.5.6+1802ada577
	- fabric-crash-report-info-v1 0.2.20+1802ada577
	- fabric-data-attachment-api-v1 1.0.2+de0fd6d177
	- fabric-data-generation-api-v1 12.3.7+1802ada577
	- fabric-dimensions-v1 2.1.55+1802ada577
	- fabric-entity-events-v1 1.6.1+1c78457f77
	- fabric-events-interaction-v0 0.6.5+13a40c6677
	- fabric-events-lifecycle-v0 0.2.64+df3654b377
	- fabric-game-rule-api-v1 1.0.41+1802ada577
	- fabric-gametest-api-v1 1.2.15+1802ada577
	- fabric-item-api-v1 2.1.29+1802ada577
	- fabric-item-group-api-v1 4.0.14+1802ada577
	- fabric-lifecycle-events-v1 2.2.23+1802ada577
	- fabric-loot-api-v2 1.2.3+1802ada577
	- fabric-loot-tables-v1 1.1.47+9e7660c677
	- fabric-message-api-v1 5.1.10+1802ada577
	- fabric-mining-level-api-v1 2.1.52+1802ada577
	- fabric-networking-api-v1 1.3.14+a158aa0477
	- fabric-networking-v0 0.3.54+df3654b377
	- fabric-object-builder-api-v1 11.1.5+e35120df77
	- fabric-particles-v1 1.1.3+1802ada577
	- fabric-recipe-api-v1 1.0.24+1802ada577
	- fabric-registry-sync-v0 2.3.6+1802ada577
	- fabric-rendering-data-attachment-v1 0.3.39+92a0d36777
	- fabric-rendering-fluids-v1 3.0.29+1802ada577
	- fabric-resource-conditions-api-v1 2.3.9+1802ada577
	- fabric-resource-loader-v0 0.11.12+fb82e9d777
	- fabric-screen-handler-api-v1 1.3.33+1802ada577
	- fabric-transfer-api-v1 3.3.6+8dd72ea377
	- fabric-transitive-access-wideners-v1 4.3.2+1802ada577
	- fabricloader 0.16.10
	- geckolib 4.7.1.2
	- java 17
	- jei 15.20.0.118
	- knightsheraldry 0.8.0.4
	- minecraft 1.20.1
	- mixinextras 0.4.1
	- owo 0.11.2+1.20
	- player-animator 1.0.2-rc1+1.20
	- reach-entity-attributes 2.4.0
	- stoneycore 0.7.1.40
	- streq 1.0.10
[13:02:50] [main/INFO] (FabricLoader/Mixin) SpongePowered MIXIN Subsystem Version=0.8.7 Source=file:/C:/Users/Administrator/.gradle/caches/modules-2/files-2.1/net.fabricmc/sponge-mixin/0.15.4+mixin.0.8.7/6a12aacc794f1078458433116e9ed42c1cc98096/sponge-mixin-0.15.4+mixin.0.8.7.jar Service=Knot/Fabric Env=SERVER
[13:02:50] [main/INFO] (FabricLoader/Mixin) Loaded Fabric development mappings for mixin remapper!
[13:02:50] [main/INFO] (FabricLoader/Mixin) Compatibility level set to JAVA_16
[13:02:50] [main/INFO] (FabricLoader/Mixin) Compatibility level set to JAVA_17
[13:02:51] [main/WARN] (FabricLoader/Mixin) Error loading class: net/minecraft/client/renderer/LevelRenderer (java.lang.RuntimeException: Cannot load class net.minecraft.client.renderer.LevelRenderer in environment type SERVER)
[13:02:51] [main/WARN] (FabricLoader/Mixin) @Mixin target net.minecraft.client.renderer.LevelRenderer was not found accessories-common.mixins.json:LevelRendererAccessor from mod accessories
[13:02:51] [main/WARN] (FabricLoader/Mixin) Error loading class: fr/catcore/server/translations/api/resource/language/SystemDelegatedLanguage (java.lang.ClassNotFoundException: fr/catcore/server/translations/api/resource/language/SystemDelegatedLanguage)
[13:02:52] [main/INFO] (FabricLoader/MixinExtras|Service) Initializing MixinExtras via com.llamalad7.mixinextras.service.MixinExtrasServiceImpl(version=0.4.1).
[13:02:52] [main/WARN] (FabricLoader/Mixin) Error loading class: org/quiltmc/loader/impl/game/minecraft/Hooks (java.lang.ClassNotFoundException: org/quiltmc/loader/impl/game/minecraft/Hooks)
[13:02:56] [main/WARN] (FabricLoader/Mixin) @ModifyVariable(@At("INVOKE")) Shift.BY=2 on accessories-fabric.mixins.json:LivingEntityMixin from mod accessories::localvar$zfc000$accessories$adjustLooting exceeds the maximum allowed value: 0. Increase the value of maxShiftBy to suppress this warning.
[13:02:58] [main/WARN] (FabricLoader/Mixin) @Inject(@At("INVOKE")) Shift.BY=2 on accessories-common.mixins.json:NbtCompoundMixin from mod accessories::handler$zfn000$accessories$adjustCheckForListVariants exceeds the maximum allowed value: 0. Increase the value of maxShiftBy to suppress this warning.
[13:03:05] [main/INFO] (StoneyCore) Registered attributes for stoneycore
[13:03:05] [main/INFO] (StoneyCore) Registering Sounds for stoneycore
[13:03:05] [main/INFO] (StoneyCore) Registering ModRecipes for stoneycore
[13:03:05] [main/INFO] (StoneyCore) Registering Mod Items for stoneycore
[13:03:05] [main/INFO] (StoneyCore) Registering Entities for stoneycore
[13:03:05] [main/INFO] (StoneyCore) Registering Menu for stoneycore
[13:03:05] [main/INFO] (StoneyCore) Registering Mod Blocks for stoneycore
[13:03:05] [main/INFO] (StoneyCore) Registering Mod Block Entities for stoneycore
[13:03:05] [main/INFO] (StoneyCore) Registering Particles for stoneycore
[13:03:05] [main/INFO] (StoneyCore) Hello Fabric world!
[13:03:05] [main/INFO] (StoneyCore) Hello to stoneycore
[13:03:05] [main/INFO] (Knights & Heraldry) Hello to knightsheraldry
[13:03:05] [main/INFO] (Knights & Heraldry) Registering Effects for knightsheraldry
[13:03:05] [main/INFO] (Knights & Heraldry) Registering Entities for knightsheraldry
[13:03:05] [main/INFO] (Knights & Heraldry) Registering Mod Items for knightsheraldry
[13:03:05] [main/INFO] (Knights & Heraldry) Registering Sounds for knightsheraldry
[13:03:05] [main/INFO] (Knights & Heraldry) Registering Helmet Deco
[13:03:05] [main/INFO] (Knights & Heraldry) Registering ModRecipes for knightsheraldry
[13:03:05] [main/INFO] (DataLoaderBase) Registering Listeners!
[13:03:05] [main/INFO] (owo) chyz: bro, can you stop breathing
[13:03:05] [main/INFO] (owo) Services frozen by 'net.minecraft.server.Main'
[13:03:05] [main/INFO] (FabricDataGenHelper) Running data generator for knightsheraldry
[13:03:06] [main/INFO] (Minecraft) Starting provider: Knights & Heraldry/Recipes
[13:03:06] [main/INFO] (Minecraft) Knights & Heraldry/Recipes finished after 367 ms
[13:03:06] [main/INFO] (Minecraft) Starting provider: Knights & Heraldry/Tags for minecraft:item
[13:03:06] [main/INFO] (Minecraft) Knights & Heraldry/Tags for minecraft:item finished after 86 ms
[13:03:06] [main/INFO] (Minecraft) Starting provider: Knights & Heraldry/Model Definitions
[13:03:06] [main/INFO] (Minecraft) Knights & Heraldry/Model Definitions finished after 126 ms
[13:03:06] [main/INFO] (Minecraft) Starting provider: Knights & Heraldry/Accessories Definitions
[13:03:06] [main/INFO] (Minecraft) Knights & Heraldry/Accessories Definitions finished after 29 ms
[13:03:06] [main/INFO] (Minecraft) Starting provider: Knights & Heraldry/Armor Definitions
[13:03:06] [main/INFO] (Minecraft) Knights & Heraldry/Armor Definitions finished after 9 ms
[13:03:06] [main/INFO] (Minecraft) Starting provider: Knights & Heraldry/Weapon Definitions
[13:03:06] [main/INFO] (Minecraft) Knights & Heraldry/Weapon Definitions finished after 36 ms
[13:03:06] [main/INFO] (Minecraft) All providers took: 660 ms
[13:03:07] [main/INFO] (Minecraft) Caching: total files: 5541, old count: 5541, new count: 5538, removed stale: 4, written: 2
